/opt/unitybase/server/ub 5.20.8.32294 (2021-10-01 10:01:06)
Host=Rudyk-U20 User=admloc CPU=4xIntel(R)Core(TM)i3-3240CPU@3.40GHz(x64):FFFBEBBFBFE39A3D81020000000000000004009C OS=Ubuntu=Linux-5.11.0-37-generic#41~20.04.2-Ubuntu-SMP-Fri-Sep-24-09:06:38-UTC-2021 Wow64=0 Freq=1000000
TubLog 1.18.6324 CM PRTL 2021-10-12T14:08:53

20211012 14085306  &  +    init
20211012 14085313  & info  	Loading domain models...
20211012 14085313  & info  	"UB"(5.22.15) from "./node_modules/@unitybase/ub"
20211012 14085314  & info  	"UBA"(5.20.26) from "./node_modules/@unitybase/uba"
20211012 14085314  & info  	"UBS"(5.20.26) from "./node_modules/@unitybase/ubs"
20211012 14085314  & info  	"UBM"(5.20.26) from "./node_modules/@unitybase/ubm"
20211012 14085315  & info  	"adminui-reg"(5.20.26) from "./node_modules/@unitybase/adminui-reg"
20211012 14085315  & info  	"requests"(1.0.0) from "./models/requests"
20211012 14085315  & info  	Loading meta files for 40 entities... 
20211012 14085316  & info  	load domain: 46ms
20211012 14085316  & info  	applying metadata transformation hook from UB
20211012 14085316  & debug 	Adding implicitlyAddedMixins: [ 'audit' ]
20211012 14085316  & info  	applying hooks: 4ms
20211012 14085317  & info  	native init: 4ms
20211012 14085327  &  +    	Init ELS
20211012 14085327  &  +    		DataStore.init(uba_role)
20211012 14085327  &  +    			App.fetchAllOrExec(conn=main/SQLite3)
20211012 14085327  &  +    				
20211012 14085327  &  -    				00.001.927
20211012 14085327  & SQL   				r=9 t=1959 fr=1943 c=0 q=SELECT A01.ID,A01.name,A01.sessionTimeout,A01.allowedAppMethods  FROM uba_role A01 
20211012 14085327  &  -    			00.001.993
20211012 14085327  &  -    		00.002.005
20211012 14085327  &  +    		DataStore.init(uba_els)
20211012 14085327  &  +    			App.fetchAllOrExec(conn=main/SQLite3)
20211012 14085327  & SQL   				r=34 t=53 fr=16 c=0 q=SELECT A01.ID,A01.entityMask,A01.methodMask,A01.ruleType,A01.ruleRole,A01.disabled  FROM uba_els A01 
20211012 14085327  &  -    			00.000.070
20211012 14085327  &  -    		00.000.083
20211012 14085327  &  -    	00.002.533
20211012 14085327  &  +    	DataStore.init(ubs_settings)
20211012 14085327  &  +    		App.fetchAllOrExec(conn=main/SQLite3)
20211012 14085327  & cust1 			{"P1s34":"UBA.passwordPolicy.maxDurationDays"}
20211012 14085327  & SQL   			r=1 t=38 fr=18 c=0 q=select settingValue from ubs_settings where settingKey =?
20211012 14085327  &  -    		00.000.053
20211012 14085327  &  -    	00.000.062
20211012 14085327  &  +    	DataStore.init(ubs_settings)
20211012 14085327  &  +    		App.fetchAllOrExec(conn=main/SQLite3)
20211012 14085327  & cust1 			{"P1s37":"UBA.passwordPolicy.maxInvalidAttempts"}
20211012 14085327  & SQL   			r=1 t=47 fr=38 c=0 q=select settingValue from ubs_settings where settingKey =?
20211012 14085327  &  -    		00.000.019
20211012 14085327  &  -    	00.000.025
20211012 14085327  &  -    00.334.156
20211012 14085328  ! srvr  Server restarted
20211012 14085461  ! srvr  Terminating...
20211012 14085461  ! mon   {"sessions_total":0,"threads_total":4,"incoming_bytes":79452,"outcoming_bytes":276500,"responses_total":[0,0,105,0,2,0],"security_exception_count":0,"js_gc_count":7,"js_memory_bytes":3674112,"http_perning_request_count":0}
