/opt/unitybase/server/ub 5.20.8.32294 (2021-10-01 10:01:06)
Host=Rudyk-U20 User=admloc CPU=4xIntel(R)Core(TM)i3-3240CPU@3.40GHz(x64):FFFBEBBFBFE39A3D81020000000000000004009C OS=Ubuntu=Linux-5.11.0-37-generic#41~20.04.2-Ubuntu-SMP-Fri-Sep-24-09:06:38-UTC-2021 Wow64=0 Freq=1000000
TubLog 1.18.6324 CM PRTL 2021-10-11T12:04:39

20211011 12043930  ! srvr  StartupPath: '/home/admloc/Documents/ubProject/CityPortal/'; BinPath: '/opt/unitybase/server/'
20211011 12043930  ! srvr  JS Engine params: engine-max-mem=512Mb, engine-lifetime=360sec, engine-full-gc=every 100 HTTP req
20211011 12043930  ! warn  CPU support for AVX2 and SSE42 not available or can not be used
20211011 12043930  ! srvr  FTS is disabled
20211011 12043930  "  +    init
20211011 12043930  " srvr  	Start application initialization...
20211011 12043937  " info  	Loading domain models...
20211011 12043937  " info  	"UB"(5.22.15) from "./node_modules/@unitybase/ub"
20211011 12043937  " info  	"UBA"(5.20.26) from "./node_modules/@unitybase/uba"
20211011 12043938  " info  	"UBS"(5.20.26) from "./node_modules/@unitybase/ubs"
20211011 12043938  " info  	"UBM"(5.20.26) from "./node_modules/@unitybase/ubm"
20211011 12043938  " info  	"adminui-reg"(5.20.26) from "./node_modules/@unitybase/adminui-reg"
20211011 12043938  " info  	"requests"(1.0.0) from "./models/requests"
20211011 12043938  " info  	Loading meta files for 40 entities... 
20211011 12043940  " info  	load domain: 44ms
20211011 12043940  " info  	applying metadata transformation hook from UB
20211011 12043940  " debug 	Adding implicitlyAddedMixins: [ 'audit' ]
20211011 12043940  " info  	applying hooks: 4ms
20211011 12043940  " info  	native init: 4ms
20211011 12043940  " srvr  	The domain loaded successfully with 40 entities
20211011 12043950  "  +    	Init ELS
20211011 12043950  "  +    		DataStore.init(uba_role)
20211011 12043950  "  +    			App.fetchAllOrExec(conn=main/SQLite3)
20211011 12043950  "  +    				
20211011 12043950  "  -    				00.002.381
20211011 12043950  " SQL   				r=7 t=2419 fr=2402 c=0 q=SELECT A01.ID,A01.name,A01.sessionTimeout,A01.allowedAppMethods  FROM uba_role A01 
20211011 12043950  "  -    			00.002.460
20211011 12043950  "  -    		00.002.478
20211011 12043950  "  +    		DataStore.init(uba_els)
20211011 12043950  "  +    			App.fetchAllOrExec(conn=main/SQLite3)
20211011 12043950  " SQL   				r=1 t=80 fr=49 c=0 q=SELECT A01.ID,A01.entityMask,A01.methodMask,A01.ruleType,A01.ruleRole,A01.disabled  FROM uba_els A01 
20211011 12043950  "  -    			00.000.130
20211011 12043950  "  -    		00.000.150
20211011 12043950  "  -    	00.003.295
20211011 12043950  "  +    	DataStore.init(ubs_settings)
20211011 12043950  "  +    		App.fetchAllOrExec(conn=main/SQLite3)
20211011 12043950  " cust1 			{"P1s34":"UBA.passwordPolicy.maxDurationDays"}
20211011 12043950  " SQL   			r=0 t=68 fr=40 c=0 q=select settingValue from ubs_settings where settingKey =?
20211011 12043950  "  -    		00.000.113
20211011 12043950  "  -    	00.000.133
20211011 12043950  "  +    	DataStore.init(ubs_settings)
20211011 12043950  "  +    		App.fetchAllOrExec(conn=main/SQLite3)
20211011 12043950  " cust1 			{"P1s37":"UBA.passwordPolicy.maxInvalidAttempts"}
20211011 12043950  " SQL   			r=0 t=83 fr=68 c=0 q=select settingValue from ubs_settings where settingKey =?
20211011 12043950  "  -    		00.000.047
20211011 12043950  "  -    	00.000.065
20211011 12043950  "  -    00.329.796
20211011 12043951  ! srvr  Enable zip compression
20211011 12043951  ! srvr  Local IP addresses: 10.8.125.48;127.0.0.1
20211011 12043951  ! srvr  Socket server URLs: http://localhost:8881/
20211011 12043951  ! srvr  Started and ready to accept requests...
20211011 12045360  "  +    internalCall
20211011 12045360  " http  	127.0.0.1 -> GET 
20211011 12045360  " info  	endpoint statics
20211011 12045360  " ERROR 	Not found httpServer.inetPub is empty
20211011 12045360  " http  	127.0.0.1 <- 404
20211011 12045360  "  -    00.000.889
20211011 12050811  ! srvr  Terminating...
20211011 12050811  ! mon   {"sessions_total":0,"threads_total":4,"incoming_bytes":675,"outcoming_bytes":64,"responses_total":[0,0,0,0,1,0],"security_exception_count":0,"js_gc_count":7,"js_memory_bytes":3645440,"http_perning_request_count":0}
