/opt/unitybase/server/ub 5.20.8.32294 (2021-10-01 10:01:06)
Host=Rudyk-U20 User=admloc CPU=4xIntel(R)Core(TM)i3-3240CPU@3.40GHz(x64):FFFBEBBFBFE39A3D81020000000000000004009C OS=Ubuntu=Linux-5.11.0-37-generic#41~20.04.2-Ubuntu-SMP-Fri-Sep-24-09:06:38-UTC-2021 Wow64=0 Freq=1000000
TubLog 1.18.6324 CM PRTL 2021-10-18T08:05:22

20211018 08052220  ! srvr  StartupPath: '/home/admloc/Documents/ubProject/CityPortal/'; BinPath: '/opt/unitybase/server/'
20211018 08052220  ! srvr  JS Engine params: engine-max-mem=512Mb, engine-lifetime=360sec, engine-full-gc=every 100 HTTP req
20211018 08052220  ! warn  CPU support for AVX2 and SSE42 not available or can not be used
20211018 08052220  ! srvr  FTS is disabled
20211018 08052220  "  +    init
20211018 08052220  " srvr  	Start application initialization...
20211018 08052227  " info  	Loading domain models...
20211018 08052227  " info  	"UB"(5.22.15) from "./node_modules/@unitybase/ub"
20211018 08052228  " info  	"UBA"(5.20.26) from "./node_modules/@unitybase/uba"
20211018 08052228  " info  	"UBS"(5.20.26) from "./node_modules/@unitybase/ubs"
20211018 08052228  " info  	"UBM"(5.20.26) from "./node_modules/@unitybase/ubm"
20211018 08052229  " info  	"adminui-reg"(5.20.26) from "./node_modules/@unitybase/adminui-reg"
20211018 08052229  " info  	"requests"(1.0.0) from "./models/requests"
20211018 08052229  " info  	Loading meta files for 40 entities... 
20211018 08052231  " info  	load domain: 52ms
20211018 08052231  " info  	applying metadata transformation hook from UB
20211018 08052231  " debug 	Adding implicitlyAddedMixins: [ 'audit' ]
20211018 08052231  " info  	applying hooks: 6ms
20211018 08052231  " info  	native init: 4ms
20211018 08052231  " srvr  	The domain loaded successfully with 40 entities
20211018 08052241  "  +    	Init ELS
20211018 08052241  "  +    		DataStore.init(uba_role)
20211018 08052241  "  +    			App.fetchAllOrExec(conn=main/SQLite3)
20211018 08052241  "  +    				
20211018 08052241  "  -    				00.002.155
20211018 08052241  " SQL   				r=9 t=2186 fr=2170 c=0 q=SELECT A01.ID,A01.name,A01.sessionTimeout,A01.allowedAppMethods  FROM uba_role A01 
20211018 08052241  "  -    			00.002.222
20211018 08052241  "  -    		00.002.234
20211018 08052241  "  +    		DataStore.init(uba_els)
20211018 08052241  "  +    			App.fetchAllOrExec(conn=main/SQLite3)
20211018 08052241  " SQL   				r=58 t=73 fr=18 c=0 q=SELECT A01.ID,A01.entityMask,A01.methodMask,A01.ruleType,A01.ruleRole,A01.disabled  FROM uba_els A01 
20211018 08052241  "  -    			00.000.089
20211018 08052241  "  -    		00.000.105
20211018 08052241  "  -    	00.002.850
20211018 08052241  "  +    	DataStore.init(ubs_settings)
20211018 08052241  "  +    		App.fetchAllOrExec(conn=main/SQLite3)
20211018 08052241  " cust1 			{"P1s34":"UBA.passwordPolicy.maxDurationDays"}
20211018 08052241  " SQL   			r=1 t=35 fr=17 c=0 q=select settingValue from ubs_settings where settingKey =?
20211018 08052241  "  -    		00.000.050
20211018 08052241  "  -    	00.000.058
20211018 08052241  "  +    	DataStore.init(ubs_settings)
20211018 08052241  "  +    		App.fetchAllOrExec(conn=main/SQLite3)
20211018 08052241  " cust1 			{"P1s37":"UBA.passwordPolicy.maxInvalidAttempts"}
20211018 08052241  " SQL   			r=1 t=44 fr=35 c=0 q=select settingValue from ubs_settings where settingKey =?
20211018 08052241  "  -    		00.000.019
20211018 08052241  "  -    	00.000.024
20211018 08052241  "  -    00.334.046
20211018 08052242  ! srvr  Enable zip compression
20211018 08052242  ! srvr  Local IP addresses: 10.8.125.48;127.0.0.1
20211018 08052242  ! srvr  Socket server URLs: http://localhost:8881/
20211018 08052242  ! srvr  Started and ready to accept requests...
20211018 08052444  ! srvr  Terminating...
20211018 08052444  ! mon   {"sessions_total":0,"threads_total":4,"incoming_bytes":0,"outcoming_bytes":0,"responses_total":[0,0,0,0,0,0],"security_exception_count":0,"js_gc_count":7,"js_memory_bytes":3674112,"http_perning_request_count":0}
