/opt/unitybase/server/ub 5.20.8.32294 (2021-10-01 10:01:06)
Host=Rudyk-U20 User=admloc CPU=4xIntel(R)Core(TM)i3-3240CPU@3.40GHz(x64):FFFBEBBFBFE39A3D81020000000000000004009C OS=Ubuntu=Linux-5.11.0-37-generic#41~20.04.2-Ubuntu-SMP-Fri-Sep-24-09:06:38-UTC-2021 Wow64=0 Freq=1000000
TubLog 1.18.6324 CM PRTL 2021-10-11T12:03:40

20211011 12034026  ! srvr  StartupPath: '/home/admloc/Documents/ubProject/CityPortal/'; BinPath: '/opt/unitybase/server/'
20211011 12034026  ! srvr  JS Engine params: engine-max-mem=512Mb, engine-lifetime=360sec, engine-full-gc=every 100 HTTP req
20211011 12034026  ! warn  CPU support for AVX2 and SSE42 not available or can not be used
20211011 12034026  ! srvr  FTS is disabled
20211011 12034026  "  +    init
20211011 12034026  " srvr  	Start application initialization...
20211011 12034034  " info  	Loading domain models...
20211011 12034034  " info  	"UB"(5.22.15) from "./node_modules/@unitybase/ub"
20211011 12034034  " info  	"UBA"(5.20.26) from "./node_modules/@unitybase/uba"
20211011 12034035  " info  	"UBS"(5.20.26) from "./node_modules/@unitybase/ubs"
20211011 12034035  " info  	"UBM"(5.20.26) from "./node_modules/@unitybase/ubm"
20211011 12034035  " info  	"adminui-reg"(5.20.26) from "./node_modules/@unitybase/adminui-reg"
20211011 12034035  " info  	"requests"(1.0.0) from "./models/requests"
20211011 12034035  " info  	Loading meta files for 40 entities... 
20211011 12034036  " info  	load domain: 42ms
20211011 12034036  " info  	applying metadata transformation hook from UB
20211011 12034036  " debug 	Adding implicitlyAddedMixins: [ 'audit' ]
20211011 12034037  " info  	applying hooks: 4ms
20211011 12034037  " info  	native init: 4ms
20211011 12034037  " srvr  	The domain loaded successfully with 40 entities
20211011 12034047  "  +    	Init ELS
20211011 12034047  "  +    		DataStore.init(uba_role)
20211011 12034047  "  +    			App.fetchAllOrExec(conn=main/SQLite3)
20211011 12034047  "  +    				
20211011 12034048  "  -    				00.003.811
20211011 12034048  " SQL   				r=7 t=3894 fr=3854 c=0 q=SELECT A01.ID,A01.name,A01.sessionTimeout,A01.allowedAppMethods  FROM uba_role A01 
20211011 12034048  "  -    			00.003.970
20211011 12034048  "  -    		00.003.993
20211011 12034048  "  +    		DataStore.init(uba_els)
20211011 12034048  "  +    			App.fetchAllOrExec(conn=main/SQLite3)
20211011 12034048  " SQL   				r=1 t=75 fr=46 c=0 q=SELECT A01.ID,A01.entityMask,A01.methodMask,A01.ruleType,A01.ruleRole,A01.disabled  FROM uba_els A01 
20211011 12034048  "  -    			00.000.123
20211011 12034048  "  -    		00.000.141
20211011 12034048  "  -    	00.004.866
20211011 12034048  "  +    	DataStore.init(ubs_settings)
20211011 12034048  "  +    		App.fetchAllOrExec(conn=main/SQLite3)
20211011 12034048  " cust1 			{"P1s34":"UBA.passwordPolicy.maxDurationDays"}
20211011 12034048  " SQL   			r=0 t=67 fr=40 c=0 q=select settingValue from ubs_settings where settingKey =?
20211011 12034048  "  -    		00.000.110
20211011 12034048  "  -    	00.000.130
20211011 12034048  "  +    	DataStore.init(ubs_settings)
20211011 12034048  "  +    		App.fetchAllOrExec(conn=main/SQLite3)
20211011 12034048  " cust1 			{"P1s37":"UBA.passwordPolicy.maxInvalidAttempts"}
20211011 12034048  " SQL   			r=0 t=83 fr=67 c=0 q=select settingValue from ubs_settings where settingKey =?
20211011 12034048  "  -    		00.000.049
20211011 12034048  "  -    	00.000.065
20211011 12034048  "  -    00.340.925
20211011 12034048  ! srvr  Enable zip compression
20211011 12034048  ! srvr  Local IP addresses: 10.8.125.48;127.0.0.1
20211011 12034048  ! srvr  Socket server URLs: http://localhost:8881/
20211011 12034048  ! srvr  Started and ready to accept requests...
20211011 12034048  ! EXC   http.js:344\n\nError: Request to http://localhost:80/:8881ubcli/getAppInfo fail. Message: libcurl error 7 (Couldn't connect to server) on GET http://localhost:80/:8881ubcli/getAppInfo\nClientRequest.prototype.end@http.js:344:11\nSyncConnection.prototype.xhr@/home/admloc/Documents/ubProject/CityPortal/node_modules/@unitybase/base/SyncConnection.js:422:12\nSyncConnection.prototype.get@/home/admloc/Documents/ubProject/CityPortal/node_modules/@unitybase/base/SyncConnection.js:474:10\nSyncConnection@/home/admloc/Documents/ubProject/CityPortal/node_modules/@unitybase/base/SyncConnection.js:100:13\nestablishConnectionFromCmdLineAttributes@/home/admloc/Documents/ubProject/CityPortal/node_modules/@unitybase/base/argv.js:181:43\ninitialize@/home/admloc/Documents/ubProject/CityPortal/node_modules/@unitybase/ubcli/lib/initialize.js:34:19\nubcli@/home/admloc/Documents/ubProject/CityPortal/node_modules/@unitybase/ubcli/bin/ubcli.js:49:42\n__UB_int._runAsShell@UB.js:63:32\n@shell.js:1:1\n
20211011 12034048  ! mon   {"sessions_total":0,"threads_total":4,"incoming_bytes":0,"outcoming_bytes":0,"responses_total":[0,0,0,0,0,0],"security_exception_count":0,"js_gc_count":7,"js_memory_bytes":3641344,"http_perning_request_count":0}
