/opt/unitybase/server/ub 5.20.8.32294 (2021-10-01 10:01:06)
Host=Rudyk-U20 User=admloc CPU=4xIntel(R)Core(TM)i3-3240CPU@3.40GHz(x64):FFFBEBBFBFE39A3D81020000000000000004009C OS=Ubuntu=Linux-5.11.0-37-generic#41~20.04.2-Ubuntu-SMP-Fri-Sep-24-09:06:38-UTC-2021 Wow64=0 Freq=1000000
TubLog 1.18.6324 CM PRTL 2021-10-11T11:37:36

20211011 11373654  ! srvr  StartupPath: '/home/admloc/Documents/ubProject/CityPortal/'; BinPath: '/opt/unitybase/server/'
20211011 11373654  ! srvr  JS Engine params: engine-max-mem=512Mb, engine-lifetime=360sec, engine-full-gc=every 100 HTTP req
20211011 11373654  ! warn  CPU support for AVX2 and SSE42 not available or can not be used
20211011 11373654  ! srvr  FTS is disabled
20211011 11373655  "  +    init
20211011 11373655  " srvr  	Start application initialization...
20211011 11373662  " info  	Loading domain models...
20211011 11373662  " info  	"UB"(5.22.15) from "./node_modules/@unitybase/ub"
20211011 11373662  " info  	"UBA"(5.20.26) from "./node_modules/@unitybase/uba"
20211011 11373700  " info  	"UBS"(5.20.26) from "./node_modules/@unitybase/ubs"
20211011 11373700  " info  	"UBM"(5.20.26) from "./node_modules/@unitybase/ubm"
20211011 11373700  " info  	"adminui-reg"(5.20.26) from "./node_modules/@unitybase/adminui-reg"
20211011 11373700  " info  	"requests"(1.0.0) from "./models/requests"
20211011 11373700  " info  	Loading meta files for 40 entities... 
20211011 11373702  " info  	load domain: 40ms
20211011 11373702  " info  	applying metadata transformation hook from UB
20211011 11373702  " debug 	Adding implicitlyAddedMixins: [ 'audit' ]
20211011 11373702  " info  	applying hooks: 4ms
20211011 11373702  " info  	native init: 4ms
20211011 11373702  " srvr  	The domain loaded successfully with 40 entities
20211011 11373712  "  +    	Init ELS
20211011 11373712  "  +    		DataStore.init(uba_role)
20211011 11373712  "  +    			App.fetchAllOrExec(conn=main/SQLite3)
20211011 11373712  "  +    				
20211011 11373712  "  -    				00.002.906
20211011 11373712  " SQL   				r=7 t=2969 fr=2939 c=0 q=SELECT A01.ID,A01.name,A01.sessionTimeout,A01.allowedAppMethods  FROM uba_role A01 
20211011 11373712  "  -    			00.003.029
20211011 11373712  "  -    		00.003.046
20211011 11373712  "  +    		DataStore.init(uba_els)
20211011 11373712  "  +    			App.fetchAllOrExec(conn=main/SQLite3)
20211011 11373712  " SQL   				r=24 t=87 fr=36 c=0 q=SELECT A01.ID,A01.entityMask,A01.methodMask,A01.ruleType,A01.ruleRole,A01.disabled  FROM uba_els A01 
20211011 11373712  "  -    			00.000.118
20211011 11373712  "  -    		00.000.138
20211011 11373712  "  -    	00.003.825
20211011 11373712  "  +    	DataStore.init(ubs_settings)
20211011 11373712  "  +    		App.fetchAllOrExec(conn=main/SQLite3)
20211011 11373712  " cust1 			{"P1s34":"UBA.passwordPolicy.maxDurationDays"}
20211011 11373712  " SQL   			r=0 t=49 fr=29 c=0 q=select settingValue from ubs_settings where settingKey =?
20211011 11373712  "  -    		00.000.078
20211011 11373712  "  -    	00.000.094
20211011 11373712  "  +    	DataStore.init(ubs_settings)
20211011 11373712  "  +    		App.fetchAllOrExec(conn=main/SQLite3)
20211011 11373712  " cust1 			{"P1s37":"UBA.passwordPolicy.maxInvalidAttempts"}
20211011 11373712  " SQL   			r=0 t=57 fr=49 c=0 q=select settingValue from ubs_settings where settingKey =?
20211011 11373712  "  -    		00.000.027
20211011 11373712  "  -    	00.000.038
20211011 11373712  "  -    00.319.567
20211011 11373712  ! srvr  Enable zip compression
20211011 11373712  ! srvr  Local IP addresses: 10.8.125.48;127.0.0.1
20211011 11373712  ! srvr  Socket server URLs: http://localhost:8881/
20211011 11373712  ! srvr  Started and ready to accept requests...
20211011 11374142  "  +    internalCall
20211011 11374142  " http  	127.0.0.1 -> GET 
20211011 11374142  " info  	endpoint statics
20211011 11374142  " ERROR 	Not found httpServer.inetPub is empty
20211011 11374142  " http  	127.0.0.1 <- 404
20211011 11374142  "  -    00.000.941
20211011 11374537  ! srvr  Terminating...
20211011 11374537  ! mon   {"sessions_total":0,"threads_total":4,"incoming_bytes":701,"outcoming_bytes":64,"responses_total":[0,0,0,0,1,0],"security_exception_count":0,"js_gc_count":7,"js_memory_bytes":3645440,"http_perning_request_count":0}
