/opt/unitybase/server/ub 5.20.8.32294 (2021-10-01 10:01:06)
Host=Rudyk-U20 User=admloc CPU=4xIntel(R)Core(TM)i3-3240CPU@3.40GHz(x64):FFFBEBBFBFE39A3D81020000000000000004009C OS=Ubuntu=Linux-5.11.0-37-generic#41~20.04.2-Ubuntu-SMP-Fri-Sep-24-09:06:38-UTC-2021 Wow64=0 Freq=1000000
TubLog 1.18.6324 CM PRTL 2021-10-12T08:44:10

20211012 08441047  ! srvr  StartupPath: '/home/admloc/Documents/ubProject/CityPortal/'; BinPath: '/opt/unitybase/server/'
20211012 08441047  ! srvr  JS Engine params: engine-max-mem=512Mb, engine-lifetime=360sec, engine-full-gc=every 100 HTTP req
20211012 08441047  ! warn  CPU support for AVX2 and SSE42 not available or can not be used
20211012 08441047  ! auth  Build-in session admin/00000000 created
20211012 08441047  ! auth  Build-in session anonymous/00000001 created
20211012 08441047  ! auth  Build-in session root/00000002 created
20211012 08441047  ! srvr  FTS is disabled
20211012 08441047  "  +    init
20211012 08441047  " srvr  	Start application initialization...
20211012 08441056  " info  	Loading domain models...
20211012 08441056  " info  	"UB"(5.22.15) from "./node_modules/@unitybase/ub"
20211012 08441056  " info  	"UBA"(5.20.26) from "./node_modules/@unitybase/uba"
20211012 08441057  " info  	"UBS"(5.20.26) from "./node_modules/@unitybase/ubs"
20211012 08441057  " info  	"UBM"(5.20.26) from "./node_modules/@unitybase/ubm"
20211012 08441057  " info  	"adminui-reg"(5.20.26) from "./node_modules/@unitybase/adminui-reg"
20211012 08441057  " info  	"requests"(1.0.0) from "./models/requests"
20211012 08441057  " info  	Loading meta files for 40 entities... 
20211012 08441059  " info  	load domain: 48ms
20211012 08441059  " info  	applying metadata transformation hook from UB
20211012 08441059  " debug 	Adding implicitlyAddedMixins: [ 'audit' ]
20211012 08441059  " info  	applying hooks: 4ms
20211012 08441059  " info  	native init: 4ms
20211012 08441059  " srvr  	The domain loaded successfully with 40 entities
20211012 08441107  " ERROR 	GET init ERROR=500 (ESMException: BLOB store "attach" path "/home/admloc/Documents/ubProject/CityPortal/.\docs\attach\" not exists\nStack: FileSystemBlobStore@/home/admloc/Documents/ubProject/CityPortal/node_modules/@unitybase/blob-stores/fileSystemBlobStore.js:40:42 initBLOBStores/<@/home/admloc/Documents/ubProject/CityPortal/node_modules/@unitybase/blob-stores/blobStores.js:113:29 initBLOBStores@/home/admloc/Documents/ubProject/CityPortal/node_modules/@unitybase/blob-stores/blobStores.js:97:3 start@/home/admloc/Documents/ubProject/CityPortal/node_modules/@unitybase/ub/modelUB.js:213:3 @/home/admloc/Documents/ubProject/CityPortal/cityPortal.js:2:1)
20211012 08441107  "  -    00.363.134
20211012 08441108  ! EXC   EMetabaseException Failed to start - exception during initialization [] at   $000000000073AB3C
20211012 08441108  ! mon   {"sessions_total":0,"threads_total":1,"incoming_bytes":0,"outcoming_bytes":0,"responses_total":[0,0,0,0,0,0],"security_exception_count":0,"js_gc_count":7,"js_memory_bytes":3641344,"http_perning_request_count":0}
