/opt/unitybase/server/ub 5.20.8.32294 (2021-10-01 10:01:06)
Host=Rudyk-U20 User=admloc CPU=4xIntel(R)Core(TM)i3-3240CPU@3.40GHz(x64):FFFBEBBFBFE39A3D81020000000000000004009C OS=Ubuntu=Linux-5.11.0-37-generic#41~20.04.2-Ubuntu-SMP-Fri-Sep-24-09:06:38-UTC-2021 Wow64=0 Freq=1000000
TubLog 1.18.6324 CM PRTL 2021-10-12T09:31:29

20211012 09312923  ! auth  Build-in session admin/00000000 created
20211012 09312923  ! auth  Build-in session anonymous/00000001 created
20211012 09312923  ! auth  Build-in session root/00000002 created
20211012 09312923  #  +    init
20211012 09312931  # info  	Loading domain models...
20211012 09312931  # info  	"UB"(5.22.15) from "./node_modules/@unitybase/ub"
20211012 09312932  # info  	"UBA"(5.20.26) from "./node_modules/@unitybase/uba"
20211012 09312932  # info  	"UBS"(5.20.26) from "./node_modules/@unitybase/ubs"
20211012 09312933  # info  	"UBM"(5.20.26) from "./node_modules/@unitybase/ubm"
20211012 09312933  # info  	"adminui-reg"(5.20.26) from "./node_modules/@unitybase/adminui-reg"
20211012 09312933  # info  	"requests"(1.0.0) from "./models/requests"
20211012 09312933  # info  	Loading meta files for 40 entities... 
20211012 09312934  # info  	load domain: 52ms
20211012 09312934  # info  	applying metadata transformation hook from UB
20211012 09312935  # debug 	Adding implicitlyAddedMixins: [ 'audit' ]
20211012 09312935  # info  	applying hooks: 6ms
20211012 09312935  # info  	native init: 4ms
20211012 09312945  #  +    	Init ELS
20211012 09312945  #  +    		DataStore.init(uba_role)
20211012 09312945  #  +    			App.fetchAllOrExec(conn=main/SQLite3)
20211012 09312945  #  +    				
20211012 09312945  #  -    				00.001.081
20211012 09312945  # SQL   				r=7 t=1125 fr=1100 c=0 q=SELECT A01.ID,A01.name,A01.sessionTimeout,A01.allowedAppMethods  FROM uba_role A01 
20211012 09312945  #  -    			00.001.167
20211012 09312945  #  -    		00.001.186
20211012 09312945  #  +    		DataStore.init(uba_els)
20211012 09312945  #  +    			App.fetchAllOrExec(conn=main/SQLite3)
20211012 09312945  # SQL   				r=1 t=47 fr=29 c=0 q=SELECT A01.ID,A01.entityMask,A01.methodMask,A01.ruleType,A01.ruleRole,A01.disabled,A01.code  FROM uba_els A01 
20211012 09312945  #  -    			00.000.080
20211012 09312945  #  -    		00.000.090
20211012 09312945  #  -    	00.001.722
20211012 09312945  #  +    	DataStore.init(ubs_settings)
20211012 09312945  #  +    		App.fetchAllOrExec(conn=main/SQLite3)
20211012 09312945  # cust1 			{"P1s34":"UBA.passwordPolicy.maxDurationDays"}
20211012 09312945  # SQL   			r=0 t=33 fr=18 c=0 q=select settingValue from ubs_settings where settingKey =?
20211012 09312945  #  -    		00.000.058
20211012 09312945  #  -    	00.000.070
20211012 09312945  #  +    	DataStore.init(ubs_settings)
20211012 09312945  #  +    		App.fetchAllOrExec(conn=main/SQLite3)
20211012 09312945  # cust1 			{"P1s37":"UBA.passwordPolicy.maxInvalidAttempts"}
20211012 09312945  # SQL   			r=0 t=41 fr=33 c=0 q=select settingValue from ubs_settings where settingKey =?
20211012 09312945  #  -    		00.000.027
20211012 09312945  #  -    	00.000.039
20211012 09312945  #  -    00.358.639
20211012 09312946  ! srvr  Server restarted
20211012 09313159  ! srvr  Terminating...
20211012 09313159  ! mon   {"sessions_total":0,"threads_total":1,"incoming_bytes":21504,"outcoming_bytes":13711,"responses_total":[0,0,30,0,0,2],"security_exception_count":0,"js_gc_count":7,"js_memory_bytes":3973120,"http_perning_request_count":0}
