/opt/unitybase/server/ub 5.20.8.32294 (2021-10-01 10:01:06)
Host=Rudyk-U20 User=admloc CPU=4xIntel(R)Core(TM)i3-3240CPU@3.40GHz(x64):FFFBEBBFBFE39A3D81020000000000000004009C OS=Ubuntu=Linux-5.11.0-37-generic#41~20.04.2-Ubuntu-SMP-Fri-Sep-24-09:06:38-UTC-2021 Wow64=0 Freq=1000000
TubLog 1.18.6324 CM PRTL 2021-10-18T13:16:38

20211018 13163831  ! auth  Build-in session admin/00000000 created
20211018 13163831  ! auth  Build-in session anonymous/00000001 created
20211018 13163831  ! auth  Build-in session root/00000002 created
20211018 13163831  #  +    init
20211018 13163840  # info  	Loading domain models...
20211018 13163840  # info  	"UB"(5.22.15) from "./node_modules/@unitybase/ub"
20211018 13163840  # info  	"UBA"(5.20.26) from "./node_modules/@unitybase/uba"
20211018 13163840  # info  	"UBS"(5.20.26) from "./node_modules/@unitybase/ubs"
20211018 13163841  # info  	"UBM"(5.20.26) from "./node_modules/@unitybase/ubm"
20211018 13163841  # info  	"adminui-reg"(5.20.26) from "./node_modules/@unitybase/adminui-reg"
20211018 13163841  # info  	"requests"(1.0.0) from "./models/requests"
20211018 13163841  # info  	Loading meta files for 42 entities... 
20211018 13163843  # info  	load domain: 50ms
20211018 13163843  # info  	applying metadata transformation hook from UB
20211018 13163843  # debug 	Adding implicitlyAddedMixins: [ 'audit' ]
20211018 13163843  # info  	applying hooks: 6ms
20211018 13163843  # info  	native init: 6ms
20211018 13163854  #  +    	Init ELS
20211018 13163854  #  +    		DataStore.init(uba_role)
20211018 13163854  #  +    			App.fetchAllOrExec(conn=main/SQLite3)
20211018 13163854  #  +    				
20211018 13163854  #  -    				00.002.019
20211018 13163854  # SQL   				r=9 t=2050 fr=2034 c=0 q=SELECT A01.ID,A01.name,A01.sessionTimeout,A01.allowedAppMethods  FROM uba_role A01 
20211018 13163854  #  -    			00.002.082
20211018 13163854  #  -    		00.002.095
20211018 13163854  #  +    		DataStore.init(uba_els)
20211018 13163854  #  +    			App.fetchAllOrExec(conn=main/SQLite3)
20211018 13163854  # SQL   				r=150 t=207 fr=20 c=0 q=SELECT A01.ID,A01.entityMask,A01.methodMask,A01.ruleType,A01.ruleRole,A01.disabled,A01.code  FROM uba_els A01 
20211018 13163854  #  -    			00.000.230
20211018 13163854  #  -    		00.000.287
20211018 13163854  #  -    	00.003.485
20211018 13163854  #  +    	DataStore.init(ubs_settings)
20211018 13163854  #  +    		App.fetchAllOrExec(conn=main/SQLite3)
20211018 13163854  # cust1 			{"P1s34":"UBA.passwordPolicy.maxDurationDays"}
20211018 13163854  # SQL   			r=1 t=72 fr=35 c=0 q=select settingValue from ubs_settings where settingKey =?
20211018 13163854  #  -    		00.000.097
20211018 13163854  #  -    	00.000.110
20211018 13163854  #  +    	DataStore.init(ubs_settings)
20211018 13163854  #  +    		App.fetchAllOrExec(conn=main/SQLite3)
20211018 13163854  # cust1 			{"P1s37":"UBA.passwordPolicy.maxInvalidAttempts"}
20211018 13163854  # SQL   			r=1 t=81 fr=72 c=0 q=select settingValue from ubs_settings where settingKey =?
20211018 13163854  #  -    		00.000.020
20211018 13163854  #  -    	00.000.026
20211018 13163854  #  -    00.365.697
20211018 13163855  ! srvr  Server restarted
20211018 13164022  ! srvr  Terminating...
20211018 13164022  ! mon   {"sessions_total":0,"threads_total":1,"incoming_bytes":396223,"outcoming_bytes":1441540,"responses_total":[0,0,544,0,2,1],"security_exception_count":0,"js_gc_count":7,"js_memory_bytes":4009984,"http_perning_request_count":0}
