/opt/unitybase/server/ub 5.20.8.32294 (2021-10-01 10:01:06)
Host=Rudyk-U20 User=admloc CPU=4xIntel(R)Core(TM)i3-3240CPU@3.40GHz(x64):FFFBEBBFBFE39A3D81020000000000000004009C OS=Ubuntu=Linux-5.11.0-37-generic#41~20.04.2-Ubuntu-SMP-Fri-Sep-24-09:06:38-UTC-2021 Wow64=0 Freq=1000000
TubLog 1.18.6324 CM PRTL 2021-10-18T08:02:42

20211018 08024251  ! srvr  StartupPath: '/home/admloc/Documents/ubProject/CityPortal/'; BinPath: '/opt/unitybase/server/'
20211018 08024251  ! srvr  JS Engine params: engine-max-mem=512Mb, engine-lifetime=360sec, engine-full-gc=every 100 HTTP req
20211018 08024251  ! warn  CPU support for AVX2 and SSE42 not available or can not be used
20211018 08024251  ! srvr  FTS is disabled
20211018 08024251  "  +    init
20211018 08024251  " srvr  	Start application initialization...
20211018 08024259  " info  	Loading domain models...
20211018 08024259  " info  	"UB"(5.22.15) from "./node_modules/@unitybase/ub"
20211018 08024260  " info  	"UBA"(5.20.26) from "./node_modules/@unitybase/uba"
20211018 08024260  " info  	"UBS"(5.20.26) from "./node_modules/@unitybase/ubs"
20211018 08024261  " info  	"UBM"(5.20.26) from "./node_modules/@unitybase/ubm"
20211018 08024261  " info  	"adminui-reg"(5.20.26) from "./node_modules/@unitybase/adminui-reg"
20211018 08024261  " info  	"requests"(1.0.0) from "./models/requests"
20211018 08024261  " info  	Loading meta files for 40 entities... 
20211018 08024300  " info  	load domain: 54ms
20211018 08024300  " info  	applying metadata transformation hook from UB
20211018 08024300  " debug 	Adding implicitlyAddedMixins: [ 'audit' ]
20211018 08024300  " info  	applying hooks: 4ms
20211018 08024300  " info  	native init: 4ms
20211018 08024301  " srvr  	The domain loaded successfully with 40 entities
20211018 08024310  "  +    	Init ELS
20211018 08024310  "  +    		DataStore.init(uba_role)
20211018 08024310  "  +    			App.fetchAllOrExec(conn=main/SQLite3)
20211018 08024310  "  +    				
20211018 08024311  "  -    				00.002.884
20211018 08024311  " SQL   				r=9 t=2946 fr=2915 c=0 q=SELECT A01.ID,A01.name,A01.sessionTimeout,A01.allowedAppMethods  FROM uba_role A01 
20211018 08024311  "  -    			00.003.002
20211018 08024311  "  -    		00.003.020
20211018 08024311  "  +    		DataStore.init(uba_els)
20211018 08024311  "  +    			App.fetchAllOrExec(conn=main/SQLite3)
20211018 08024311  " SQL   				r=58 t=144 fr=35 c=0 q=SELECT A01.ID,A01.entityMask,A01.methodMask,A01.ruleType,A01.ruleRole,A01.disabled  FROM uba_els A01 
20211018 08024311  "  -    			00.000.179
20211018 08024311  "  -    		00.000.213
20211018 08024311  "  -    	00.004.206
20211018 08024311  "  +    	DataStore.init(ubs_settings)
20211018 08024311  "  +    		App.fetchAllOrExec(conn=main/SQLite3)
20211018 08024311  " cust1 			{"P1s34":"UBA.passwordPolicy.maxDurationDays"}
20211018 08024311  " SQL   			r=1 t=49 fr=22 c=0 q=select settingValue from ubs_settings where settingKey =?
20211018 08024311  "  -    		00.000.073
20211018 08024311  "  -    	00.000.096
20211018 08024311  "  +    	DataStore.init(ubs_settings)
20211018 08024311  "  +    		App.fetchAllOrExec(conn=main/SQLite3)
20211018 08024311  " cust1 			{"P1s37":"UBA.passwordPolicy.maxInvalidAttempts"}
20211018 08024311  " SQL   			r=1 t=61 fr=49 c=0 q=select settingValue from ubs_settings where settingKey =?
20211018 08024311  "  -    		00.000.026
20211018 08024311  "  -    	00.000.034
20211018 08024311  "  -    00.354.044
20211018 08024311  ! srvr  Enable zip compression
20211018 08024311  ! srvr  Local IP addresses: 10.8.125.48;127.0.0.1
20211018 08024311  ! srvr  Socket server URLs: http://localhost:8881/
20211018 08024311  ! srvr  Started and ready to accept requests...
20211018 08024312  "  +    getAppInfo
20211018 08024312  " http  	127.0.0.1 -> GET getAppInfo
20211018 08024312  " info  	endpoint getAppInfo
20211018 08024312  " http  	127.0.0.1 <- 200
20211018 08024312  "  -    00.004.263
20211018 08024312  "  +    auth?AUTHTYPE=UB&userName=admin
20211018 08024312  " http  	127.0.0.1 -> GET auth?AUTHTYPE=UB&userName=admin
20211018 08024312  " info  	endpoint auth
20211018 08024312  " http  	127.0.0.1 <- 200
20211018 08024312  "  -    00.000.284
20211018 08024312  "  +    auth?AUTHTYPE=UB&clientNonce=9086af99d20dd32ce1f7a93d89ed6f7c0d0d7e0f18082d374ca1745f7b337ef6&password=ceadf0a163a777d10b58168a7154e9b4add5de666c777688423f935ace15be26&userName=admin
20211018 08024312  " http  	127.0.0.1 -> GET auth?AUTHTYPE=UB&clientNonce=9086af99d20dd32ce1f7a93d89ed6f7c0d0d7e0f18082d374ca1745f7b337ef6&password=ceadf0a163a777d10b58168a7154e9b4add5de666c777688423f935ace15be26&userName=admin
20211018 08024312  " info  	endpoint auth
20211018 08024312  "  +    	DataStore.init(uba_user)
20211018 08024312  "  +    		App.fetchAllOrExec(conn=main/SQLite3)
20211018 08024312  " cust1 			{"P1s5":"admin"}
20211018 08024312  " SQL   			r=1 t=140 fr=83 c=0 q=select id, name, uPasswordHashHexa, uData, isPending, trustedIP from UBA_USER where name=? and disabled=0
20211018 08024312  "  -    		00.000.184
20211018 08024312  "  -    	00.000.202
20211018 08024312  "  +    	method(TubStorageMixin) uba_user.select
20211018 08024312  "  +    		DataStore.init(uba_user)
20211018 08024312  "  +    			App.fetchAllOrExec(conn=main/SQLite3)
20211018 08024312  " cust1 				{"P1":10}
20211018 08024312  " SQL   				r=1 t=73 fr=41 c=0 q=SELECT A01.name,A01.uData,A01.uPasswordHashHexa,A01.lastPasswordChangeDate,A01.firstName,A01.lastName,A01.fullName  FROM uba_user A01  WHERE A01.ID=?
20211018 08024312  "  -    			00.000.110
20211018 08024312  "  -    		00.000.122
20211018 08024312  "  -    	00.000.208
20211018 08024313  "  +    	method(TubStorageMixin) uba_role.select
20211018 08024313  "  +    		DataStore.init(uba_role)
20211018 08024313  "  +    			App.fetchAllOrExec(conn=main/SQLite3)
20211018 08024313  " cust1 				{"P1":10, "P2":10}
20211018 08024313  " SQL   				r=2 t=124 fr=82 c=0 q=SELECT A01.ID,A01.name  FROM uba_role A01  WHERE (((EXISTS (SELECT 1  FROM uba_userrole A02  WHERE A02.userID=? AND A02.roleID=A01.ID)) OR (EXISTS (SELECT 1  FROM uba_grouprole A03  WHERE EXISTS (SELECT 1  FROM uba_usergroup A04  WHERE A04.userID=? AND A04.groupID=A03.groupID) AND A03.roleID=A01.ID))))
20211018 08024313  "  -    			00.000.153
20211018 08024313  "  -    		00.000.164
20211018 08024313  "  -    	00.000.306
20211018 08024313  "  +    	method(TubStorageMixin) uba_usergroup.select
20211018 08024313  "  +    		DataStore.init(uba_usergroup)
20211018 08024313  "  +    			App.fetchAllOrExec(conn=main/SQLite3)
20211018 08024313  " cust1 				{"P1":10}
20211018 08024313  " SQL   				r=0 t=49 fr=28 c=0 q=SELECT A01.groupID  FROM uba_usergroup A01  WHERE A01.userID=?
20211018 08024313  "  -    			00.000.067
20211018 08024313  "  -    		00.000.074
20211018 08024313  "  -    	00.000.116
20211018 08024313  " auth  	New session admin/28e7403a created at 127.0.0.1/0 using Mozilla/5.0 (Linux; mORMot 1.18 TCurlHTTP)
20211018 08024313  " debug 	Call JS method: UBA.onUserLogin
20211018 08024313  "  +    	method(TubStorageMixin) uba_advSecurity.select
20211018 08024313  "  +    		DataStore.init(uba_advSecurity)
20211018 08024313  "  +    			App.fetchAllOrExec(conn=main/SQLite3)
20211018 08024313  " cust1 				{"P1":10}
20211018 08024313  " SQL   				r=0 t=89 fr=57 c=0 q=SELECT A01.ID,A01.allowedIP,A01.refreshIP,A01.fp,A01.refreshFp,A01.keyMediaName,A01.refreshKeyMedia,A01.mi_modifyDate  FROM uba_advSecurity A01  WHERE A01.userID=?
20211018 08024313  "  -    			00.000.122
20211018 08024313  "  -    		00.000.133
20211018 08024313  "  -    	00.000.236
20211018 08024313  "  +    	method(TubStorageMixin) uba_audit.insert
20211018 08024313  "  +    		DataStore.ParseInsertAndExec
20211018 08024313  "  +    			DataStore.BuildAndExecInsertSQL
20211018 08024313  "  +    				App.fetchAllOrExec(conn=main/SQLite3)
20211018 08024313  " cust1 					{"P1s8":"uba_user", "P2":10, "P3s5":"LOGIN", "P4s5":"admin", "P5d":"2021-10-18T08:02:43", "P6s9":"127.0.0.1", "P7s5":"admin", "P8s0":"", "P9":335035719843841, "P10s203":"Host: localhost:8881\r\nUser-Agent: Mozilla/5.0 (Lin..."}
20211018 08024313  " SQL   					r=1 t=102 c=0 q=INSERT INTO uba_audit (entity,entityinfo_id,actionType,actionUser,actionTime,remoteIP,targetUser,targetRole,ID,fromValue) VALUES (?,?,?,?,?,?,?,?,?,?)
20211018 08024313  "  -    				00.000.140
20211018 08024313  "  -    			00.000.252
20211018 08024313  "  -    		00.000.267
20211018 08024313  "  -    	00.000.482
20211018 08024313  "  +    	method(TubStorageMixin) uba_audit.afterinsert
20211018 08024313  "  -    	00.000.004
20211018 08024313  " DB    	Commit connection "main"
20211018 08024313  " http  	127.0.0.1 <- 200
20211018 08024313  "  -    00.007.734
20211018 08024313  "  +    ubql
20211018 08024313  " http  	127.0.0.1 -> POST ubql
20211018 08024313  " info  	endpoint ubql
20211018 08024313  " info  	[{"entity":"ubm_desktop","method":"select","fieldList":["ID"],"options":{"limit":1},"whereList":{"lookup":{"expression":"code","condition":"equal","values":{"code":"CityReq_desktop"}}}}]
20211018 08024313  " auth  	admin/28e7403a
20211018 08024313  "  +    	method(TubRLSMixin) ubm_desktop.select
20211018 08024313  " debug 		Call func RLS.allowForAdminOwnerAndAdmTable
20211018 08024313  "  -    	00.000.597
20211018 08024313  "  +    	method(TubStorageMixin) ubm_desktop.select
20211018 08024313  "  +    		DataStore.init(ubm_desktop)
20211018 08024313  "  +    			App.fetchAllOrExec(conn=main/SQLite3)
20211018 08024313  " cust1 				{"P1s15":"CityReq_desktop", "P2d":"9999-12-31"}
20211018 08024313  " SQL   				r=1 t=119 fr=70 c=0 q=SELECT A01.ID  FROM ubm_desktop A01  WHERE code=? AND A01.mi_deleteDate>=? LIMIT 1 OFFSET 0 
20211018 08024313  "  -    			00.000.161
20211018 08024313  "  -    		00.000.179
20211018 08024313  "  -    	00.000.294
20211018 08024313  " http  	127.0.0.1 <- 200
20211018 08024313  "  -    00.001.442
20211018 08024313  "  +    ubql
20211018 08024313  " http  	127.0.0.1 -> POST ubql
20211018 08024313  " info  	endpoint ubql
20211018 08024313  " info  	[{"entity":"ubm_navshortcut","method":"select","fieldList":["ID"],"options":{"limit":1},"whereList":{"lookup":{"expression":"code","condition":"equal","values":{"code":"req_departments_folder"}}}}]
20211018 08024313  " auth  	admin/28e7403a
20211018 08024313  "  +    	method(TubRLSMixin) ubm_navshortcut.select
20211018 08024313  " debug 		Call func RLS.allowForAdminOwnerAndAdmTable
20211018 08024313  "  -    	00.000.224
20211018 08024313  "  +    	method(TubStorageMixin) ubm_navshortcut.select
20211018 08024313  "  +    		DataStore.init(ubm_navshortcut)
20211018 08024313  "  +    			App.fetchAllOrExec(conn=main/SQLite3)
20211018 08024313  " cust1 				{"P1s22":"req_departments_folder", "P2d":"9999-12-31"}
20211018 08024313  " SQL   				r=1 t=138 fr=74 c=0 q=SELECT A01.ID  FROM ubm_navshortcut A01  WHERE code=? AND A01.mi_deleteDate>=? LIMIT 1 OFFSET 0 
20211018 08024313  "  -    			00.000.191
20211018 08024313  "  -    		00.000.206
20211018 08024313  "  -    	00.000.329
20211018 08024313  " http  	127.0.0.1 <- 200
20211018 08024313  "  -    00.001.024
20211018 08024313  "  +    ubql
20211018 08024313  " http  	127.0.0.1 -> POST ubql
20211018 08024313  " info  	endpoint ubql
20211018 08024313  " info  	[{"entity":"ubm_navshortcut","method":"select","fieldList":["ID"],"options":{"limit":1},"whereList":{"lookup":{"expression":"code","condition":"equal","values":{"code":"req_depart"}}}}]
20211018 08024313  " auth  	admin/28e7403a
20211018 08024313  "  +    	method(TubRLSMixin) ubm_navshortcut.select
20211018 08024313  " debug 		Call func RLS.allowForAdminOwnerAndAdmTable
20211018 08024313  "  -    	00.000.115
20211018 08024313  "  +    	method(TubStorageMixin) ubm_navshortcut.select
20211018 08024313  "  +    		DataStore.init(ubm_navshortcut)
20211018 08024313  "  +    			App.fetchAllOrExec(conn=main/SQLite3)
20211018 08024313  " cust1 				{"P1s10":"req_depart", "P2d":"9999-12-31"}
20211018 08024313  " SQL   				r=1 t=164 fr=139 c=0 q=SELECT A01.ID  FROM ubm_navshortcut A01  WHERE code=? AND A01.mi_deleteDate>=? LIMIT 1 OFFSET 0 
20211018 08024313  "  -    			00.000.059
20211018 08024313  "  -    		00.000.070
20211018 08024313  "  -    	00.000.156
20211018 08024313  " http  	127.0.0.1 <- 200
20211018 08024313  "  -    00.000.552
20211018 08024313  "  +    ubql
20211018 08024313  " http  	127.0.0.1 -> POST ubql
20211018 08024313  " info  	endpoint ubql
20211018 08024313  " info  	[{"entity":"ubm_navshortcut","method":"select","fieldList":["ID"],"options":{"limit":1},"whereList":{"lookup":{"expression":"code","condition":"equal","values":{"code":"req_Subdepart"}}}}]
20211018 08024313  " auth  	admin/28e7403a
20211018 08024313  "  +    	method(TubRLSMixin) ubm_navshortcut.select
20211018 08024313  " debug 		Call func RLS.allowForAdminOwnerAndAdmTable
20211018 08024313  "  -    	00.000.111
20211018 08024313  "  +    	method(TubStorageMixin) ubm_navshortcut.select
20211018 08024313  "  +    		DataStore.init(ubm_navshortcut)
20211018 08024313  "  +    			App.fetchAllOrExec(conn=main/SQLite3)
20211018 08024313  " cust1 				{"P1s13":"req_Subdepart", "P2d":"9999-12-31"}
20211018 08024313  " SQL   				r=1 t=188 fr=164 c=0 q=SELECT A01.ID  FROM ubm_navshortcut A01  WHERE code=? AND A01.mi_deleteDate>=? LIMIT 1 OFFSET 0 
20211018 08024313  "  -    			00.000.053
20211018 08024313  "  -    		00.000.064
20211018 08024313  "  -    	00.000.134
20211018 08024313  " http  	127.0.0.1 <- 200
20211018 08024313  "  -    00.000.548
20211018 08024314  "  +    ubql
20211018 08024314  " http  	127.0.0.1 -> POST ubql
20211018 08024314  " info  	endpoint ubql
20211018 08024314  " info  	[{"entity":"ubm_navshortcut","method":"select","fieldList":["ID"],"options":{"limit":1},"whereList":{"lookup":{"expression":"code","condition":"equal","values":{"code":"req_reqList"}}}}]
20211018 08024314  " auth  	admin/28e7403a
20211018 08024314  "  +    	method(TubRLSMixin) ubm_navshortcut.select
20211018 08024314  " debug 		Call func RLS.allowForAdminOwnerAndAdmTable
20211018 08024314  "  -    	00.000.368
20211018 08024314  "  +    	method(TubStorageMixin) ubm_navshortcut.select
20211018 08024314  "  +    		DataStore.init(ubm_navshortcut)
20211018 08024314  "  +    			App.fetchAllOrExec(conn=main/SQLite3)
20211018 08024314  " cust1 				{"P1s11":"req_reqList", "P2d":"9999-12-31"}
20211018 08024314  " SQL   				r=1 t=212 fr=188 c=0 q=SELECT A01.ID  FROM ubm_navshortcut A01  WHERE code=? AND A01.mi_deleteDate>=? LIMIT 1 OFFSET 0 
20211018 08024314  "  -    			00.000.053
20211018 08024314  "  -    		00.000.063
20211018 08024314  "  -    	00.000.138
20211018 08024314  " http  	127.0.0.1 <- 200
20211018 08024314  "  -    00.000.862
20211018 08024314  "  +    ubql
20211018 08024314  " http  	127.0.0.1 -> POST ubql
20211018 08024314  " info  	endpoint ubql
20211018 08024314  " info  	[{"entity":"ubm_navshortcut","method":"select","fieldList":["ID"],"options":{"limit":1},"whereList":{"lookup":{"expression":"code","condition":"equal","values":{"code":"req_cityRegion"}}}}]
20211018 08024314  " auth  	admin/28e7403a
20211018 08024314  "  +    	method(TubRLSMixin) ubm_navshortcut.select
20211018 08024314  " debug 		Call func RLS.allowForAdminOwnerAndAdmTable
20211018 08024314  "  -    	00.000.145
20211018 08024314  "  +    	method(TubStorageMixin) ubm_navshortcut.select
20211018 08024314  "  +    		DataStore.init(ubm_navshortcut)
20211018 08024314  "  +    			App.fetchAllOrExec(conn=main/SQLite3)
20211018 08024314  " cust1 				{"P1s14":"req_cityRegion", "P2d":"9999-12-31"}
20211018 08024314  " SQL   				r=1 t=250 fr=224 c=0 q=SELECT A01.ID  FROM ubm_navshortcut A01  WHERE code=? AND A01.mi_deleteDate>=? LIMIT 1 OFFSET 0 
20211018 08024314  "  -    			00.000.071
20211018 08024314  "  -    		00.000.083
20211018 08024314  "  -    	00.000.162
20211018 08024314  " http  	127.0.0.1 <- 200
20211018 08024314  "  -    00.000.663
20211018 08024314  "  +    ubql
20211018 08024314  " http  	127.0.0.1 -> POST ubql
20211018 08024314  " info  	endpoint ubql
20211018 08024314  " info  	[{"entity":"ubm_enum","method":"select","fieldList":["code"],"options":{"limit":1},"whereList":{"c1":{"expression":"[code]","condition":"equal","value":"NEW"}}}]
20211018 08024314  " auth  	admin/28e7403a
20211018 08024314  "  +    	method(TubStorageMixin) ubm_enum.select
20211018 08024314  "  +    		DataStore.init(ubm_enum)
20211018 08024314  "  +    			App.fetchAllOrExec(conn=main/SQLite3)
20211018 08024314  " cust1 				{"P1s3":"NEW", "P2d":"9999-12-31"}
20211018 08024314  " SQL   				r=1 t=126 fr=84 c=0 q=SELECT A01.code  FROM ubm_enum A01  WHERE A01.code=? AND A01.mi_deleteDate>=? LIMIT 1 OFFSET 0 
20211018 08024314  "  -    			00.000.233
20211018 08024314  "  -    		00.000.252
20211018 08024314  "  -    	00.000.371
20211018 08024314  " http  	127.0.0.1 <- 200
20211018 08024314  "  -    00.001.076
20211018 08024314  "  +    ubql
20211018 08024314  " http  	127.0.0.1 -> POST ubql
20211018 08024314  " info  	endpoint ubql
20211018 08024314  " info  	[{"entity":"ubm_enum","method":"select","fieldList":["code"],"options":{"limit":1},"whereList":{"c1":{"expression":"[code]","condition":"equal","value":"PROCESSED"}}}]
20211018 08024314  " auth  	admin/28e7403a
20211018 08024314  "  +    	method(TubStorageMixin) ubm_enum.select
20211018 08024314  "  +    		DataStore.init(ubm_enum)
20211018 08024314  "  +    			App.fetchAllOrExec(conn=main/SQLite3)
20211018 08024314  " cust1 				{"P1s9":"PROCESSED", "P2d":"9999-12-31"}
20211018 08024314  " SQL   				r=1 t=162 fr=126 c=0 q=SELECT A01.code  FROM ubm_enum A01  WHERE A01.code=? AND A01.mi_deleteDate>=? LIMIT 1 OFFSET 0 
20211018 08024314  "  -    			00.000.088
20211018 08024314  "  -    		00.000.107
20211018 08024314  "  -    	00.000.258
20211018 08024314  " http  	127.0.0.1 <- 200
20211018 08024314  "  -    00.001.176
20211018 08024315  "  +    ubql
20211018 08024315  " http  	127.0.0.1 -> POST ubql
20211018 08024315  " info  	endpoint ubql
20211018 08024315  " info  	[{"entity":"ubm_enum","method":"select","fieldList":["code"],"options":{"limit":1},"whereList":{"c1":{"expression":"[code]","condition":"equal","value":"REJECTED"}}}]
20211018 08024315  " auth  	admin/28e7403a
20211018 08024315  "  +    	method(TubStorageMixin) ubm_enum.select
20211018 08024315  "  +    		DataStore.init(ubm_enum)
20211018 08024315  "  +    			App.fetchAllOrExec(conn=main/SQLite3)
20211018 08024315  " cust1 				{"P1s8":"REJECTED", "P2d":"9999-12-31"}
20211018 08024315  " SQL   				r=1 t=194 fr=162 c=0 q=SELECT A01.code  FROM ubm_enum A01  WHERE A01.code=? AND A01.mi_deleteDate>=? LIMIT 1 OFFSET 0 
20211018 08024315  "  -    			00.000.081
20211018 08024315  "  -    		00.000.101
20211018 08024315  "  -    	00.000.236
20211018 08024315  " http  	127.0.0.1 <- 200
20211018 08024315  "  -    00.000.642
20211018 08024315  "  +    ubql
20211018 08024315  " http  	127.0.0.1 -> POST ubql
20211018 08024315  " info  	endpoint ubql
20211018 08024315  " info  	[{"entity":"ubm_enum","method":"select","fieldList":["code"],"options":{"limit":1},"whereList":{"c1":{"expression":"[code]","condition":"equal","value":"CLOSED"}}}]
20211018 08024315  " auth  	admin/28e7403a
20211018 08024315  "  +    	method(TubStorageMixin) ubm_enum.select
20211018 08024315  "  +    		DataStore.init(ubm_enum)
20211018 08024315  "  +    			App.fetchAllOrExec(conn=main/SQLite3)
20211018 08024315  " cust1 				{"P1s6":"CLOSED", "P2d":"9999-12-31"}
20211018 08024315  " SQL   				r=1 t=219 fr=194 c=0 q=SELECT A01.code  FROM ubm_enum A01  WHERE A01.code=? AND A01.mi_deleteDate>=? LIMIT 1 OFFSET 0 
20211018 08024315  "  -    			00.000.068
20211018 08024315  "  -    		00.000.086
20211018 08024315  "  -    	00.000.208
20211018 08024315  " http  	127.0.0.1 <- 200
20211018 08024315  "  -    00.000.554
20211018 08024315  "  +    ubql
20211018 08024315  " http  	127.0.0.1 -> POST ubql
20211018 08024315  " info  	endpoint ubql
20211018 08024315  " info  	[{"entity":"req_depart","method":"select","fieldList":["ID"],"options":{"limit":1},"whereList":{"c1":{"expression":"[name]","condition":"equal","value":"Departments of health"}}}]
20211018 08024315  " auth  	admin/28e7403a
20211018 08024315  "  +    	method(TubStorageMixin) req_depart.select
20211018 08024315  "  +    		DataStore.init(req_depart)
20211018 08024315  "  +    			App.fetchAllOrExec(conn=main/SQLite3)
20211018 08024315  " cust1 				{"P1s21":"Departments of health"}
20211018 08024315  " SQL   				r=1 t=98 fr=55 c=0 q=SELECT A01.ID  FROM req_depart A01  WHERE A01.name=? LIMIT 1 OFFSET 0 
20211018 08024315  "  -    			00.000.135
20211018 08024315  "  -    		00.000.147
20211018 08024315  "  -    	00.000.223
20211018 08024315  " http  	127.0.0.1 <- 200
20211018 08024315  "  -    00.000.609
20211018 08024315  "  +    ubql
20211018 08024315  " http  	127.0.0.1 -> POST ubql
20211018 08024315  " info  	endpoint ubql
20211018 08024315  " info  	[{"entity":"req_depart","method":"select","fieldList":["ID"],"options":{"limit":1},"whereList":{"c1":{"expression":"[name]","condition":"equal","value":"Departments of education"}}}]
20211018 08024315  " auth  	admin/28e7403a
20211018 08024315  "  +    	method(TubStorageMixin) req_depart.select
20211018 08024315  "  +    		DataStore.init(req_depart)
20211018 08024315  "  +    			App.fetchAllOrExec(conn=main/SQLite3)
20211018 08024315  " cust1 				{"P1s24":"Departments of education"}
20211018 08024315  " SQL   				r=1 t=134 fr=98 c=0 q=SELECT A01.ID  FROM req_depart A01  WHERE A01.name=? LIMIT 1 OFFSET 0 
20211018 08024315  "  -    			00.000.074
20211018 08024315  "  -    		00.000.087
20211018 08024315  "  -    	00.000.169
20211018 08024315  " http  	127.0.0.1 <- 200
20211018 08024315  "  -    00.000.471
20211018 08024315  "  +    ubql
20211018 08024315  " http  	127.0.0.1 -> POST ubql
20211018 08024315  " info  	endpoint ubql
20211018 08024315  " info  	[{"entity":"uba_user","method":"select","fieldList":["ID"],"options":{"limit":1},"whereList":{"lookup":{"expression":"name","condition":"equal","values":{"name":"hd_user"}}}}]
20211018 08024315  " auth  	admin/28e7403a
20211018 08024315  "  +    	method(TubStorageMixin) uba_user.select
20211018 08024315  "  +    		DataStore.init(uba_user)
20211018 08024315  "  +    			App.fetchAllOrExec(conn=main/SQLite3)
20211018 08024315  " cust1 				{"P1s7":"hd_user"}
20211018 08024315  " SQL   				r=1 t=97 fr=58 c=0 q=SELECT A01.ID  FROM uba_user A01  WHERE name=? LIMIT 1 OFFSET 0 
20211018 08024315  "  -    			00.000.156
20211018 08024315  "  -    		00.000.173
20211018 08024315  "  -    	00.000.256
20211018 08024315  " http  	127.0.0.1 <- 200
20211018 08024315  "  -    00.000.630
20211018 08024315  "  +    ubql
20211018 08024315  " http  	127.0.0.1 -> POST ubql
20211018 08024315  " info  	endpoint ubql
20211018 08024315  " info  	[{"entity":"uba_role","method":"select","fieldList":["ID"],"options":{"limit":1},"whereList":{"lookup":{"expression":"name","condition":"equal","values":{"name":"HealthDepartment"}}}}]
20211018 08024315  " auth  	admin/28e7403a
20211018 08024315  "  +    	method(TubStorageMixin) uba_role.select
20211018 08024315  "  +    		DataStore.init(uba_role)
20211018 08024315  "  +    			App.fetchAllOrExec(conn=main/SQLite3)
20211018 08024315  " cust1 				{"P1s16":"HealthDepartment"}
20211018 08024315  " SQL   				r=1 t=84 fr=49 c=0 q=SELECT A01.ID  FROM uba_role A01  WHERE name=? LIMIT 1 OFFSET 0 
20211018 08024315  "  -    			00.000.117
20211018 08024315  "  -    		00.000.128
20211018 08024315  "  -    	00.000.197
20211018 08024315  " http  	127.0.0.1 <- 200
20211018 08024315  "  -    00.000.552
20211018 08024315  "  +    ubql
20211018 08024315  " http  	127.0.0.1 -> POST ubql
20211018 08024315  " info  	endpoint ubql
20211018 08024315  " info  	[{"entity":"uba_userrole","method":"select","fieldList":["ID"],"options":{"limit":1},"whereList":{"c1":{"expression":"[userID]","condition":"equal","value":335035611545602},"c2":{"expression":"[roleID]","condition":"equal","value":335018913956262}}}]
20211018 08024315  " auth  	admin/28e7403a
20211018 08024316  "  +    	method(TubStorageMixin) uba_userrole.select
20211018 08024316  "  +    		DataStore.init(uba_userrole)
20211018 08024316  "  +    			App.fetchAllOrExec(conn=main/SQLite3)
20211018 08024316  " cust1 				{"P1":335035611545602, "P2":335018913956262}
20211018 08024316  " SQL   				r=1 t=138 fr=94 c=0 q=SELECT A01.ID  FROM uba_userrole A01  WHERE A01.userID=? AND A01.roleID=? LIMIT 1 OFFSET 0 
20211018 08024316  "  -    			00.000.201
20211018 08024316  "  -    		00.000.223
20211018 08024316  "  -    	00.000.351
20211018 08024316  " http  	127.0.0.1 <- 200
20211018 08024316  "  -    00.000.998
20211018 08024316  "  +    ubql
20211018 08024316  " http  	127.0.0.1 -> POST ubql
20211018 08024316  " info  	endpoint ubql
20211018 08024316  " info  	[{"entity":"ubm_desktop_adm","method":"select","fieldList":["ID"],"options":{"limit":1},"whereList":{"c1":{"expression":"[instanceID]","condition":"equal","value":335018913956225},"c2":{"expression":"[admSubjID]","condition":"equal","value":335018913956262}}}]
20211018 08024316  " auth  	admin/28e7403a
20211018 08024316  "  +    	method(TubStorageMixin) ubm_desktop_adm.select
20211018 08024316  "  +    		DataStore.init(ubm_desktop_adm)
20211018 08024316  "  +    			App.fetchAllOrExec(conn=main/SQLite3)
20211018 08024316  " cust1 				{"P1":335018913956225, "P2":335018913956262}
20211018 08024316  " SQL   				r=1 t=120 fr=71 c=0 q=SELECT A01.ID  FROM ubm_desktop_adm A01  WHERE A01.instanceID=? AND A01.admSubjID=? LIMIT 1 OFFSET 0 
20211018 08024316  "  -    			00.000.167
20211018 08024316  "  -    		00.000.182
20211018 08024316  "  -    	00.000.299
20211018 08024316  " http  	127.0.0.1 <- 200
20211018 08024316  "  -    00.000.811
20211018 08024316  "  +    ubql
20211018 08024316  " http  	127.0.0.1 -> POST ubql
20211018 08024316  " info  	endpoint ubql
20211018 08024316  " info  	[{"entity":"ubm_navshortcut_adm","method":"select","fieldList":["ID"],"options":{"limit":1},"whereList":{"c1":{"expression":"[instanceID]","condition":"equal","value":335018913956237},"c2":{"expression":"[admSubjID]","condition":"equal","value":335018913956262}}}]
20211018 08024316  " auth  	admin/28e7403a
20211018 08024316  "  +    	method(TubStorageMixin) ubm_navshortcut_adm.select
20211018 08024316  "  +    		DataStore.init(ubm_navshortcut_adm)
20211018 08024316  "  +    			App.fetchAllOrExec(conn=main/SQLite3)
20211018 08024316  " cust1 				{"P1":335018913956237, "P2":335018913956262}
20211018 08024316  " SQL   				r=1 t=107 fr=63 c=0 q=SELECT A01.ID  FROM ubm_navshortcut_adm A01  WHERE A01.instanceID=? AND A01.admSubjID=? LIMIT 1 OFFSET 0 
20211018 08024316  "  -    			00.000.152
20211018 08024316  "  -    		00.000.167
20211018 08024316  "  -    	00.000.272
20211018 08024316  " http  	127.0.0.1 <- 200
20211018 08024316  "  -    00.000.804
20211018 08024316  "  +    ubql
20211018 08024316  " http  	127.0.0.1 -> POST ubql
20211018 08024316  " info  	endpoint ubql
20211018 08024316  " info  	[{"entity":"uba_els","method":"select","fieldList":["ID"],"options":{"limit":1},"whereList":{"c1":{"expression":"[code]","condition":"equal","value":"READ_UPD_REQ_HD"}}}]
20211018 08024316  " auth  	admin/28e7403a
20211018 08024316  "  +    	method(TubStorageMixin) uba_els.select
20211018 08024316  "  +    		DataStore.init(uba_els)
20211018 08024316  "  +    			App.fetchAllOrExec(conn=main/SQLite3)
20211018 08024316  " cust1 				{"P1s15":"READ_UPD_REQ_HD"}
20211018 08024316  " SQL   				r=1 t=69 fr=46 c=0 q=SELECT A01.ID  FROM uba_els A01  WHERE A01.code=? LIMIT 1 OFFSET 0 
20211018 08024316  "  -    			00.000.108
20211018 08024316  "  -    		00.000.118
20211018 08024316  "  -    	00.000.184
20211018 08024316  " http  	127.0.0.1 <- 200
20211018 08024316  "  -    00.000.510
20211018 08024316  "  +    ubql
20211018 08024316  " http  	127.0.0.1 -> POST ubql
20211018 08024316  " info  	endpoint ubql
20211018 08024316  " info  	[{"entity":"uba_user","fieldList":["ID"],"execParams":{"name":"super","description":"Defaults user with supervisor priviledges"},"method":"insert"}]
20211018 08024316  " auth  	admin/28e7403a
20211018 08024316  "  +    	method(TubStorageMixin) uba_user.select
20211018 08024316  "  +    		DataStore.init(uba_user)
20211018 08024316  "  +    			App.fetchAllOrExec(conn=main/SQLite3)
20211018 08024316  " cust1 				{"P1s5":"super", "P2":335035719843842}
20211018 08024316  " SQL   				r=1 t=76 fr=54 c=0 q=SELECT A01.ID  FROM uba_user A01  WHERE A01.name=? AND A01.ID<>?
20211018 08024316  "  -    			00.000.111
20211018 08024316  "  -    		00.000.124
20211018 08024316  "  -    	00.000.205
20211018 08024316  " EXC   	<>:0\n\nError: <<<Duplicate user name (may be in different case)>>>\ncheckDuplicateUser@/home/admloc/Documents/ubProject/CityPortal/node_modules/@unitybase/uba/uba_user.js:44:13\nemitOne@events.js:123:7\nemit@events.js:204:7\nServerApp.launchEndpoint@/home/admloc/Documents/ubProject/CityPortal/node_modules/@unitybase/ub/modules/App.js:176:9\n
20211018 08024316  " EXC   	<>:0\n\nError: <<<Duplicate user name (may be in different case)>>>\ncheckDuplicateUser@/home/admloc/Documents/ubProject/CityPortal/node_modules/@unitybase/uba/uba_user.js:44:13\nemitOne@events.js:123:7\nemit@events.js:204:7\nServerApp.launchEndpoint@/home/admloc/Documents/ubProject/CityPortal/node_modules/@unitybase/ub/modules/App.js:176:9\n
20211018 08024316  " ERROR 	UB.UBAbort: <<<Duplicate user name (may be in different case)>>> Stack: checkDuplicateUser@/home/admloc/Documents/ubProject/CityPortal/node_modules/@unitybase/uba/uba_user.js:44:13 emitOne@events.js:123:7 emit@events.js:204:7 ServerApp.launchEndpoint@/home/admloc/Documents/ubProject/CityPortal/node_modules/@unitybase/ub/modules/App.js:176:9 
20211018 08024316  " ERROR 	POST ubql ERROR=500 (<<<Duplicate user name (may be in different case)>>>)
20211018 08024316  " http  	127.0.0.1 <- 500
20211018 08024316  "  -    00.002.029
20211018 08024316  ! mon   {"sessions_total":1,"threads_total":4,"incoming_bytes":9532,"outcoming_bytes":4812,"responses_total":[0,0,21,0,0,1],"security_exception_count":0,"js_gc_count":7,"js_memory_bytes":3719168,"http_perning_request_count":0}
20211018 08024323  ! EXC   /home/admloc/Documents/ubProject/CityPortal/node_modules/@unitybase/base/SyncConnection.js:451\n\nError: Server error: \"<<<Duplicate user name (may be in different case)>>>\nSyncConnection.prototype.xhr@/home/admloc/Documents/ubProject/CityPortal/node_modules/@unitybase/base/SyncConnection.js:451:15\nSyncConnection.prototype.query@/home/admloc/Documents/ubProject/CityPortal/node_modules/@unitybase/base/SyncConnection.js:366:12\nSyncConnection.prototype.insert@/home/admloc/Documents/ubProject/CityPortal/node_modules/@unitybase/base/SyncConnection.js:681:15\nmodule.exports@/home/admloc/Documents/ubProject/CityPortal/models/requests/_initialData/030_setRole_navshortcuts.js:119:23\nrequireAndRun@/home/admloc/Documents/ubProject/CityPortal/node_modules/@unitybase/ubcli/lib/initialize.js:88:9\ninitialize/</<@/home/admloc/Documents/ubProject/CityPortal/node_modules/@unitybase/ubcli/lib/initialize.js:55:13\ninitialize/<@/home/admloc/Documents/ubProject/CityPortal/node_modules/@unitybase/ubcli/lib/initialize.js:54:11\ninitialize@/home/admloc/Documents/ubProject/CityPortal/node_modules/@unitybase/ubcli/lib/initialize.js:47:5\nubcli@/home/admloc/Documents/ubProject/CityPortal/node_modules/@unitybase/ubcli/bin/ubcli.js:49:42\n__UB_int._runAsShell@UB.js:63:32\n@shell.js:1:1\n
20211018 08024323  ! mon   {"sessions_total":0,"threads_total":0,"incoming_bytes":9532,"outcoming_bytes":4812,"responses_total":[0,0,21,0,0,1],"security_exception_count":0,"js_gc_count":0,"js_memory_bytes":0,"http_perning_request_count":0}
