/opt/unitybase/server/ub 5.20.8.32294 (2021-10-01 10:01:06)
Host=Rudyk-U20 User=root CPU=4xIntel(R)Core(TM)i3-3240CPU@3.40GHz(x64):FFFBEBBFBFE39A3D81020000000000000004009C OS=Ubuntu=Linux-5.11.0-37-generic#41~20.04.2-Ubuntu-SMP-Fri-Sep-24-09:06:38-UTC-2021 Wow64=0 Freq=1000000
TubLog 1.18.6324 CM PRTL 2021-10-11T11:06:22

20211011 11062244  ! srvr  StartupPath: '/home/admloc/Documents/ubProject/CityPortal/'; BinPath: '/opt/unitybase/server/'
20211011 11062244  ! srvr  JS Engine params: engine-max-mem=512Mb, engine-lifetime=360sec, engine-full-gc=every 100 HTTP req
20211011 11062244  ! warn  CPU support for AVX2 and SSE42 not available or can not be used
20211011 11062244  ! srvr  FTS is disabled
20211011 11062244  "  +    init
20211011 11062244  " srvr  	Start application initialization...
20211011 11062252  " info  	Loading domain models...
20211011 11062252  " info  	"UB"(5.22.15) from "./node_modules/@unitybase/ub"
20211011 11062252  " info  	"UBA"(5.20.26) from "./node_modules/@unitybase/uba"
20211011 11062253  " info  	"UBS"(5.20.26) from "./node_modules/@unitybase/ubs"
20211011 11062253  " info  	"UBM"(5.20.26) from "./node_modules/@unitybase/ubm"
20211011 11062253  " info  	"adminui-reg"(5.20.26) from "./node_modules/@unitybase/adminui-reg"
20211011 11062253  " info  	"requests"(1.0.0) from "./models/requests"
20211011 11062253  " info  	Loading meta files for 40 entities... 
20211011 11062254  " info  	load domain: 44ms
20211011 11062254  " info  	applying metadata transformation hook from UB
20211011 11062255  " debug 	Adding implicitlyAddedMixins: [ 'audit' ]
20211011 11062255  " info  	applying hooks: 2ms
20211011 11062255  " info  	native init: 2ms
20211011 11062255  " srvr  	The domain loaded successfully with 40 entities
20211011 11062303  "  +    	Init ELS
20211011 11062303  "  +    		DataStore.init(uba_role)
20211011 11062303  "  +    			App.fetchAllOrExec(conn=main/SQLite3)
20211011 11062303  "  +    				
20211011 11062304  "  -    				00.005.584
20211011 11062304  " EXC   				ESQLite3Exception Error SQLITE_ERROR (1) [SELECT A01.ID,A01.name,A01.sessionTimeout,A01.allowedAppMethods  FROM uba_role A01 ] using 3.36.0 - no such table: uba_role, extended_errcode=1 [] at   $000000000084F342  $000000000084E84C  $000000000075EC9E  $00000000005D28CE  $00000000005D3184  $00000000005DC776  $00000000005DCD12
20211011 11062304  " ERROR 				q=SELECT A01.ID,A01.name,A01.sessionTimeout,A01.allowedAppMethods  FROM uba_role A01 
20211011 11062304  "  -    			00.006.471
20211011 11062304  "  -    		00.006.478
20211011 11062304  "  -    	00.006.556
20211011 11062304  " ERROR 	GET init ERROR=500 (Exception Error SQLITE_ERROR (1) [SELECT A01.ID,A01.name,A01.sessionTimeout,A01.allowedAppMethods  FROM uba_role A01 ] using 3.36.0 - no such table: uba_role, extended_errcode=1)
20211011 11062304  "  -    00.349.690
20211011 11062304  ! EXC   EMetabaseException Failed to start - exception during initialization [] at   $000000000073AB3C
20211011 11062304  ! mon   {"sessions_total":0,"threads_total":4,"incoming_bytes":0,"outcoming_bytes":0,"responses_total":[0,0,0,0,0,0],"security_exception_count":0,"js_gc_count":7,"js_memory_bytes":3633152,"http_perning_request_count":0}
